C:\Program Files (x86)\Microsoft Visual Studio\2017\Community\Common7\IDE\VC\VCTargets\Microsoft.CppBuild.targets(391,5): warning MSB8028: 中间目录(.\Release\)包含从另一个项目(example1.vcxproj, _glui library.vcxproj)共享的文件。   这会导致错误的清除和重新生成行为。
  algebra3.cpp
  arcball.cpp
  glui.cpp
d:\projects\butterflymove\butterflymove\glui-2.36\src\include\gl\glui.h(880): warning C4244: “参数”: 从“double”转换到“GLfloat”，可能丢失数据
d:\projects\butterflymove\butterflymove\glui-2.36\src\glui.cpp(599): warning C4244: “参数”: 从“double”转换到“GLfloat”，可能丢失数据
d:\projects\butterflymove\butterflymove\glui-2.36\src\glui.cpp(602): warning C4244: “参数”: 从“double”转换到“GLfloat”，可能丢失数据
d:\projects\butterflymove\butterflymove\glui-2.36\src\glui.cpp(1922): warning C4244: “参数”: 从“double”转换到“GLfloat”，可能丢失数据
d:\projects\butterflymove\butterflymove\glui-2.36\src\glui.cpp(1925): warning C4244: “参数”: 从“double”转换到“GLfloat”，可能丢失数据
  glui_add_controls.cpp
d:\projects\butterflymove\butterflymove\glui-2.36\src\include\gl\glui.h(880): warning C4244: “参数”: 从“double”转换到“GLfloat”，可能丢失数据
  glui_bitmaps.cpp
d:\projects\butterflymove\butterflymove\glui-2.36\src\include\gl\glui.h(880): warning C4244: “参数”: 从“double”转换到“GLfloat”，可能丢失数据
  glui_bitmap_img_data.cpp
  glui_button.cpp
d:\projects\butterflymove\butterflymove\glui-2.36\src\include\gl\glui.h(880): warning C4244: “参数”: 从“double”转换到“GLfloat”，可能丢失数据
  glui_checkbox.cpp
d:\projects\butterflymove\butterflymove\glui-2.36\src\include\gl\glui.h(880): warning C4244: “参数”: 从“double”转换到“GLfloat”，可能丢失数据
  glui_column.cpp
d:\projects\butterflymove\butterflymove\glui-2.36\src\include\gl\glui.h(880): warning C4244: “参数”: 从“double”转换到“GLfloat”，可能丢失数据
  glui_commandline.cpp
d:\projects\butterflymove\butterflymove\glui-2.36\src\include\gl\glui.h(880): warning C4244: “参数”: 从“double”转换到“GLfloat”，可能丢失数据
  glui_control.cpp
d:\projects\butterflymove\butterflymove\glui-2.36\src\include\gl\glui.h(880): warning C4244: “参数”: 从“double”转换到“GLfloat”，可能丢失数据
d:\projects\butterflymove\butterflymove\glui-2.36\src\glui_control.cpp(214): warning C4244: “参数”: 从“double”转换到“GLfloat”，可能丢失数据
d:\projects\butterflymove\butterflymove\glui-2.36\src\glui_control.cpp(213): warning C4244: “参数”: 从“double”转换到“GLfloat”，可能丢失数据
d:\projects\butterflymove\butterflymove\glui-2.36\src\glui_control.cpp(904): warning C4996: 'strncpy': This function or variable may be unsafe. Consider using strncpy_s instead. To disable deprecation, use _CRT_SECURE_NO_WARNINGS. See online help for details.
  c:\program files (x86)\windows kits\10\include\10.0.10240.0\ucrt\string.h(340): note: 参见“strncpy”的声明
  glui_edittext.cpp
d:\projects\butterflymove\butterflymove\glui-2.36\src\include\gl\glui.h(880): warning C4244: “参数”: 从“double”转换到“GLfloat”，可能丢失数据
d:\projects\butterflymove\butterflymove\glui-2.36\src\glui_edittext.cpp(492): warning C4244: “=”: 从“double”转换到“float”，可能丢失数据
d:\projects\butterflymove\butterflymove\glui-2.36\src\glui_edittext.cpp(1142): warning C4996: 'sprintf': This function or variable may be unsafe. Consider using sprintf_s instead. To disable deprecation, use _CRT_SECURE_NO_WARNINGS. See online help for details.
  c:\program files (x86)\windows kits\10\include\10.0.10240.0\ucrt\stdio.h(1769): note: 参见“sprintf”的声明
d:\projects\butterflymove\butterflymove\glui-2.36\src\glui_edittext.cpp(1163): warning C4996: 'sprintf': This function or variable may be unsafe. Consider using sprintf_s instead. To disable deprecation, use _CRT_SECURE_NO_WARNINGS. See online help for details.
  c:\program files (x86)\windows kits\10\include\10.0.10240.0\ucrt\stdio.h(1769): note: 参见“sprintf”的声明
  glui_filebrowser.cpp
d:\projects\butterflymove\butterflymove\glui-2.36\src\include\gl\glui.h(880): warning C4244: “参数”: 从“double”转换到“GLfloat”，可能丢失数据
  glui_list.cpp
d:\projects\butterflymove\butterflymove\glui-2.36\src\include\gl\glui.h(880): warning C4244: “参数”: 从“double”转换到“GLfloat”，可能丢失数据
d:\projects\butterflymove\butterflymove\glui-2.36\src\glui_list.cpp(105): warning C4244: “=”: 从“time_t”转换到“unsigned long”，可能丢失数据
d:\projects\butterflymove\butterflymove\glui-2.36\src\glui_list.cpp(238): warning C4305: “参数”: 从“double”到“GLfloat”截断
d:\projects\butterflymove\butterflymove\glui-2.36\src\glui_list.cpp(275): warning C4244: “参数”: 从“int”转换到“GLfloat”，可能丢失数据
  glui_listbox.cpp
d:\projects\butterflymove\butterflymove\glui-2.36\src\include\gl\glui.h(880): warning C4244: “参数”: 从“double”转换到“GLfloat”，可能丢失数据
d:\projects\butterflymove\butterflymove\glui-2.36\src\glui_listbox.cpp(113): warning C4305: “参数”: 从“double”到“float”截断
  glui_mouse_iaction.cpp
d:\projects\butterflymove\butterflymove\glui-2.36\src\include\gl\glui.h(880): warning C4244: “参数”: 从“double”转换到“GLfloat”，可能丢失数据
d:\projects\butterflymove\butterflymove\glui-2.36\src\glui_mouse_iaction.cpp(161): warning C4244: “参数”: 从“double”转换到“GLfloat”，可能丢失数据
d:\projects\butterflymove\butterflymove\glui-2.36\src\glui_mouse_iaction.cpp(164): warning C4244: “参数”: 从“double”转换到“GLfloat”，可能丢失数据
d:\projects\butterflymove\butterflymove\glui-2.36\src\glui_mouse_iaction.cpp(166): warning C4244: “参数”: 从“double”转换到“GLfloat”，可能丢失数据
d:\projects\butterflymove\butterflymove\glui-2.36\src\glui_mouse_iaction.cpp(168): warning C4244: “参数”: 从“double”转换到“GLfloat”，可能丢失数据
d:\projects\butterflymove\butterflymove\glui-2.36\src\glui_mouse_iaction.cpp(197): warning C4244: “参数”: 从“double”转换到“GLfloat”，可能丢失数据
d:\projects\butterflymove\butterflymove\glui-2.36\src\glui_mouse_iaction.cpp(198): warning C4244: “参数”: 从“double”转换到“GLfloat”，可能丢失数据
  glui_node.cpp
d:\projects\butterflymove\butterflymove\glui-2.36\src\include\gl\glui.h(880): warning C4244: “参数”: 从“double”转换到“GLfloat”，可能丢失数据
  glui_panel.cpp
d:\projects\butterflymove\butterflymove\glui-2.36\src\include\gl\glui.h(880): warning C4244: “参数”: 从“double”转换到“GLfloat”，可能丢失数据
  glui_radio.cpp
d:\projects\butterflymove\butterflymove\glui-2.36\src\include\gl\glui.h(880): warning C4244: “参数”: 从“double”转换到“GLfloat”，可能丢失数据
d:\projects\butterflymove\butterflymove\glui-2.36\src\glui_radio.cpp(95): warning C4244: “参数”: 从“int”转换到“GLfloat”，可能丢失数据
d:\projects\butterflymove\butterflymove\glui-2.36\src\glui_radio.cpp(94): warning C4244: “参数”: 从“int”转换到“GLfloat”，可能丢失数据
  glui_rollout.cpp
d:\projects\butterflymove\butterflymove\glui-2.36\src\include\gl\glui.h(880): warning C4244: “参数”: 从“double”转换到“GLfloat”，可能丢失数据
  正在生成代码...
  正在编译...
  glui_rotation.cpp
d:\projects\butterflymove\butterflymove\glui-2.36\src\include\gl\glui.h(880): warning C4244: “参数”: 从“double”转换到“GLfloat”，可能丢失数据
d:\projects\butterflymove\butterflymove\glui-2.36\src\glui_rotation.cpp(120): warning C4305: “参数”: 从“double”到“float”截断
d:\projects\butterflymove\butterflymove\glui-2.36\src\glui_rotation.cpp(136): warning C4244: “=”: 从“double”转换到“float”，可能丢失数据
d:\projects\butterflymove\butterflymove\glui-2.36\src\glui_rotation.cpp(143): warning C4244: “初始化”: 从“double”转换到“float”，可能丢失数据
d:\projects\butterflymove\butterflymove\glui-2.36\src\glui_rotation.cpp(144): warning C4244: “参数”: 从“double”转换到“float”，可能丢失数据
d:\projects\butterflymove\butterflymove\glui-2.36\src\glui_rotation.cpp(153): warning C4244: “初始化”: 从“double”转换到“float”，可能丢失数据
d:\projects\butterflymove\butterflymove\glui-2.36\src\glui_rotation.cpp(154): warning C4244: “参数”: 从“double”转换到“float”，可能丢失数据
d:\projects\butterflymove\butterflymove\glui-2.36\src\glui_rotation.cpp(310): warning C4244: “参数”: 从“double”转换到“GLfloat”，可能丢失数据
d:\projects\butterflymove\butterflymove\glui-2.36\src\glui_rotation.cpp(411): warning C4244: “参数”: 从“double”转换到“float”，可能丢失数据
  glui_scrollbar.cpp
d:\projects\butterflymove\butterflymove\glui-2.36\src\include\gl\glui.h(880): warning C4244: “参数”: 从“double”转换到“GLfloat”，可能丢失数据
d:\projects\butterflymove\butterflymove\glui-2.36\src\glui_scrollbar.cpp(368): warning C4244: “参数”: 从“int”转换到“GLfloat”，可能丢失数据
d:\projects\butterflymove\butterflymove\glui-2.36\src\glui_scrollbar.cpp(373): warning C4244: “参数”: 从“int”转换到“GLfloat”，可能丢失数据
d:\projects\butterflymove\butterflymove\glui-2.36\src\glui_scrollbar.cpp(397): warning C4244: “初始化”: 从“int”转换到“float”，可能丢失数据
d:\projects\butterflymove\butterflymove\glui-2.36\src\glui_scrollbar.cpp(398): warning C4244: “初始化”: 从“int”转换到“float”，可能丢失数据
d:\projects\butterflymove\butterflymove\glui-2.36\src\glui_scrollbar.cpp(399): warning C4244: “初始化”: 从“int”转换到“float”，可能丢失数据
d:\projects\butterflymove\butterflymove\glui-2.36\src\glui_scrollbar.cpp(400): warning C4244: “初始化”: 从“int”转换到“float”，可能丢失数据
d:\projects\butterflymove\butterflymove\glui-2.36\src\glui_scrollbar.cpp(614): warning C4244: “=”: 从“double”转换到“float”，可能丢失数据
d:\projects\butterflymove\butterflymove\glui-2.36\src\glui_scrollbar.cpp(776): warning C4244: “=”: 从“int”转换到“float”，可能丢失数据
d:\projects\butterflymove\butterflymove\glui-2.36\src\glui_scrollbar.cpp(815): warning C4244: “=”: 从“int”转换到“float”，可能丢失数据
d:\projects\butterflymove\butterflymove\glui-2.36\src\glui_scrollbar.cpp(816): warning C4244: “=”: 从“int”转换到“float”，可能丢失数据
  glui_separator.cpp
d:\projects\butterflymove\butterflymove\glui-2.36\src\include\gl\glui.h(880): warning C4244: “参数”: 从“double”转换到“GLfloat”，可能丢失数据
  glui_spinner.cpp
d:\projects\butterflymove\butterflymove\glui-2.36\src\include\gl\glui.h(880): warning C4244: “参数”: 从“double”转换到“GLfloat”，可能丢失数据
d:\projects\butterflymove\butterflymove\glui-2.36\src\glui_spinner.cpp(153): warning C4244: “参数”: 从“double”转换到“float”，可能丢失数据
d:\projects\butterflymove\butterflymove\glui-2.36\src\glui_spinner.cpp(155): warning C4244: “参数”: 从“double”转换到“float”，可能丢失数据
  glui_statictext.cpp
d:\projects\butterflymove\butterflymove\glui-2.36\src\include\gl\glui.h(880): warning C4244: “参数”: 从“double”转换到“GLfloat”，可能丢失数据
  glui_string.cpp
d:\projects\butterflymove\butterflymove\glui-2.36\src\include\gl\glui.h(880): warning C4244: “参数”: 从“double”转换到“GLfloat”，可能丢失数据
d:\projects\butterflymove\butterflymove\glui-2.36\src\glui_string.cpp(48): warning C4996: '_vsnprintf': This function or variable may be unsafe. Consider using _vsnprintf_s instead. To disable deprecation, use _CRT_SECURE_NO_WARNINGS. See online help for details.
  c:\program files (x86)\windows kits\10\include\10.0.10240.0\ucrt\stdio.h(1396): note: 参见“_vsnprintf”的声明
  glui_textbox.cpp
d:\projects\butterflymove\butterflymove\glui-2.36\src\include\gl\glui.h(880): warning C4244: “参数”: 从“double”转换到“GLfloat”，可能丢失数据
d:\projects\butterflymove\butterflymove\glui-2.36\src\glui_textbox.cpp(432): warning C4305: “参数”: 从“double”到“GLfloat”截断
d:\projects\butterflymove\butterflymove\glui-2.36\src\glui_textbox.cpp(488): warning C4244: “参数”: 从“int”转换到“GLfloat”，可能丢失数据
d:\projects\butterflymove\butterflymove\glui-2.36\src\glui_textbox.cpp(963): warning C4018: “>”: 有符号/无符号不匹配
d:\projects\butterflymove\butterflymove\glui-2.36\src\glui_textbox.cpp(965): warning C4018: “>”: 有符号/无符号不匹配
d:\projects\butterflymove\butterflymove\glui-2.36\src\glui_textbox.cpp(967): warning C4018: “>”: 有符号/无符号不匹配
  glui_translation.cpp
d:\projects\butterflymove\butterflymove\glui-2.36\src\include\gl\glui.h(880): warning C4244: “参数”: 从“double”转换到“GLfloat”，可能丢失数据
d:\projects\butterflymove\butterflymove\glui-2.36\src\glui_translation.cpp(200): warning C4244: “=”: 从“double”转换到“float”，可能丢失数据
d:\projects\butterflymove\butterflymove\glui-2.36\src\glui_translation.cpp(345): warning C4305: “初始化”: 从“double”到“float”截断
d:\projects\butterflymove\butterflymove\glui-2.36\src\glui_translation.cpp(352): warning C4305: “参数”: 从“double”到“float”截断
d:\projects\butterflymove\butterflymove\glui-2.36\src\glui_translation.cpp(353): warning C4305: “参数”: 从“double”到“float”截断
d:\projects\butterflymove\butterflymove\glui-2.36\src\glui_translation.cpp(372): warning C4244: “=”: 从“double”转换到“float”，可能丢失数据
d:\projects\butterflymove\butterflymove\glui-2.36\src\glui_translation.cpp(374): warning C4244: “=”: 从“double”转换到“float”，可能丢失数据
d:\projects\butterflymove\butterflymove\glui-2.36\src\glui_translation.cpp(431): warning C4244: “参数”: 从“double”转换到“GLfloat”，可能丢失数据
d:\projects\butterflymove\butterflymove\glui-2.36\src\glui_translation.cpp(434): warning C4305: “参数”: 从“double”到“GLfloat”截断
d:\projects\butterflymove\butterflymove\glui-2.36\src\glui_translation.cpp(463): warning C4244: “参数”: 从“double”转换到“GLfloat”，可能丢失数据
d:\projects\butterflymove\butterflymove\glui-2.36\src\glui_translation.cpp(464): warning C4244: “参数”: 从“double”转换到“GLfloat”，可能丢失数据
d:\projects\butterflymove\butterflymove\glui-2.36\src\glui_translation.cpp(465): warning C4244: “参数”: 从“double”转换到“GLfloat”，可能丢失数据
d:\projects\butterflymove\butterflymove\glui-2.36\src\glui_translation.cpp(466): warning C4244: “参数”: 从“double”转换到“GLfloat”，可能丢失数据
d:\projects\butterflymove\butterflymove\glui-2.36\src\glui_translation.cpp(467): warning C4244: “参数”: 从“double”转换到“GLfloat”，可能丢失数据
d:\projects\butterflymove\butterflymove\glui-2.36\src\glui_translation.cpp(468): warning C4244: “参数”: 从“double”转换到“GLfloat”，可能丢失数据
  glui_tree.cpp
d:\projects\butterflymove\butterflymove\glui-2.36\src\include\gl\glui.h(880): warning C4244: “参数”: 从“double”转换到“GLfloat”，可能丢失数据
  glui_treepanel.cpp
d:\projects\butterflymove\butterflymove\glui-2.36\src\include\gl\glui.h(880): warning C4244: “参数”: 从“double”转换到“GLfloat”，可能丢失数据
d:\projects\butterflymove\butterflymove\glui-2.36\src\glui_treepanel.cpp(211): warning C4305: “参数”: 从“double”到“float”截断
d:\projects\butterflymove\butterflymove\glui-2.36\src\glui_treepanel.cpp(212): warning C4305: “参数”: 从“double”到“float”截断
d:\projects\butterflymove\butterflymove\glui-2.36\src\glui_treepanel.cpp(213): warning C4305: “参数”: 从“double”到“float”截断
d:\projects\butterflymove\butterflymove\glui-2.36\src\glui_treepanel.cpp(214): warning C4305: “参数”: 从“double”到“float”截断
d:\projects\butterflymove\butterflymove\glui-2.36\src\glui_treepanel.cpp(215): warning C4305: “参数”: 从“double”到“float”截断
d:\projects\butterflymove\butterflymove\glui-2.36\src\glui_treepanel.cpp(216): warning C4305: “参数”: 从“double”到“float”截断
d:\projects\butterflymove\butterflymove\glui-2.36\src\glui_treepanel.cpp(217): warning C4305: “参数”: 从“double”到“float”截断
  glui_window.cpp
d:\projects\butterflymove\butterflymove\glui-2.36\src\include\gl\glui.h(880): warning C4244: “参数”: 从“double”转换到“GLfloat”，可能丢失数据
  quaternion.cpp
  正在生成代码...
  glui.vcxproj -> D:\projects\ButterflyMove\ButterflyMove\glui-2.36\src\msvc\.\Release\glui.lib
