d:\projects\butterflymove\x64\release\glui.pdb
d:\projects\butterflymove\x64\release\glui_rollout.obj
d:\projects\butterflymove\x64\release\glui_radio.obj
d:\projects\butterflymove\x64\release\glui_panel.obj
d:\projects\butterflymove\x64\release\glui_node.obj
d:\projects\butterflymove\x64\release\glui_mouse_iaction.obj
d:\projects\butterflymove\x64\release\glui_listbox.obj
d:\projects\butterflymove\x64\release\glui_list.obj
d:\projects\butterflymove\x64\release\glui_filebrowser.obj
d:\projects\butterflymove\x64\release\glui_edittext.obj
d:\projects\butterflymove\x64\release\glui_control.obj
d:\projects\butterflymove\x64\release\glui_commandline.obj
d:\projects\butterflymove\x64\release\glui_column.obj
d:\projects\butterflymove\x64\release\glui_checkbox.obj
d:\projects\butterflymove\x64\release\glui_button.obj
d:\projects\butterflymove\x64\release\glui_bitmap_img_data.obj
d:\projects\butterflymove\x64\release\glui_bitmaps.obj
d:\projects\butterflymove\x64\release\glui_add_controls.obj
d:\projects\butterflymove\x64\release\glui.obj
d:\projects\butterflymove\x64\release\arcball.obj
d:\projects\butterflymove\x64\release\algebra3.obj
d:\projects\butterflymove\x64\release\quaternion.obj
d:\projects\butterflymove\x64\release\glui_window.obj
d:\projects\butterflymove\x64\release\glui_treepanel.obj
d:\projects\butterflymove\x64\release\glui_tree.obj
d:\projects\butterflymove\x64\release\glui_translation.obj
d:\projects\butterflymove\x64\release\glui_textbox.obj
d:\projects\butterflymove\x64\release\glui_string.obj
d:\projects\butterflymove\x64\release\glui_statictext.obj
d:\projects\butterflymove\x64\release\glui_spinner.obj
d:\projects\butterflymove\x64\release\glui_separator.obj
d:\projects\butterflymove\x64\release\glui_scrollbar.obj
d:\projects\butterflymove\x64\release\glui_rotation.obj
d:\projects\butterflymove\x64\release\glui
d:\projects\butterflymove\x64\release\glui.lib
d:\projects\butterflymove\butterflymove\glui-2.36\src\msvc\x64\release\glui.tlog\cl.command.1.tlog
d:\projects\butterflymove\butterflymove\glui-2.36\src\msvc\x64\release\glui.tlog\cl.read.1.tlog
d:\projects\butterflymove\butterflymove\glui-2.36\src\msvc\x64\release\glui.tlog\cl.write.1.tlog
d:\projects\butterflymove\butterflymove\glui-2.36\src\msvc\x64\release\glui.tlog\lib-link.read.1.tlog
d:\projects\butterflymove\butterflymove\glui-2.36\src\msvc\x64\release\glui.tlog\lib-link.write.1.tlog
d:\projects\butterflymove\butterflymove\glui-2.36\src\msvc\x64\release\glui.tlog\lib.command.1.tlog
